# JRE version: OpenJDK Runtime Environment (17.0.6) (build 17.0.6+0-b2043.56-10027231)
# Java VM: OpenJDK 64-Bit Server VM (17.0.6+0-b2043.56-10027231, mixed mode, tiered, compressed oops, compressed class ptrs, g1 gc, windows-amd64)
GC Precious Log:
 CPUs: 8 total, 8 available
 Memory: 11930M
 Large Page Support: Disabled
 NUMA Support: Disabled
 Compressed Oops: Enabled (32-bit)
 Heap Region Size: 1M
 Heap Min Capacity: 8M
 Heap Initial Capacity: 188M
 Heap Max Capacity: 2G
 Pre-touch: Disabled
 Parallel Workers: 8
 Concurrent Workers: 2
 Concurrent Refinement Workers: 8
 Periodic GC: Disabled
Heap:
 garbage-first heap   total 445440K, used 171646K [0x0000000080000000, 0x0000000100000000)
  region size 1024K, 2 young (2048K), 2 survivors (2048K)
 Metaspace       used 148676K, committed 149888K, reserved 1179648K
  class space    used 20143K, committed 20736K, reserved 1048576K
GC Heap History (20 events):
Event: 947.063 GC heap after
{Heap after GC invocations=55 (full 0):
 garbage-first heap   total 432128K, used 298006K [0x0000000080000000, 0x0000000100000000)
  region size 1024K, 2 young (2048K), 2 survivors (2048K)
 Metaspace       used 143938K, committed 145088K, reserved 1179648K
  class space    used 19488K, committed 20032K, reserved 1048576K
}
Event: 947.410 GC heap before
{Heap before GC invocations=55 (full 0):
 garbage-first heap   total 432128K, used 364566K [0x0000000080000000, 0x0000000100000000)
  region size 1024K, 67 young (68608K), 2 survivors (2048K)
 Metaspace       used 146605K, committed 147712K, reserved 1179648K
  class space    used 19955K, committed 20480K, reserved 1048576K
}
Event: 947.414 GC heap after
{Heap after GC invocations=56 (full 0):
 garbage-first heap   total 432128K, used 301518K [0x0000000080000000, 0x0000000100000000)
  region size 1024K, 4 young (4096K), 4 survivors (4096K)
 Metaspace       used 146605K, committed 147712K, reserved 1179648K
  class space    used 19955K, committed 20480K, reserved 1048576K
}
Event: 947.885 GC heap before
{Heap before GC invocations=56 (full 0):
 garbage-first heap   total 432128K, used 367054K [0x0000000080000000, 0x0000000100000000)
  region size 1024K, 69 young (70656K), 4 survivors (4096K)
 Metaspace       used 148314K, committed 149504K, reserved 1179648K
  class space    used 20177K, committed 20736K, reserved 1048576K
}
Event: 947.892 GC heap after
{Heap after GC invocations=57 (full 0):
 garbage-first heap   total 432128K, used 305102K [0x0000000080000000, 0x0000000100000000)
  region size 1024K, 8 young (8192K), 8 survivors (8192K)
 Metaspace       used 148314K, committed 149504K, reserved 1179648K
  class space    used 20177K, committed 20736K, reserved 1048576K
}
Event: 948.210 GC heap before
{Heap before GC invocations=57 (full 0):
 garbage-first heap   total 432128K, used 364494K [0x0000000080000000, 0x0000000100000000)
  region size 1024K, 41 young (41984K), 8 survivors (8192K)
 Metaspace       used 148615K, committed 149760K, reserved 1179648K
  class space    used 20191K, committed 20736K, reserved 1048576K
}
Event: 948.216 GC heap after
{Heap after GC invocations=58 (full 0):
 garbage-first heap   total 432128K, used 322795K [0x0000000080000000, 0x0000000100000000)
  region size 1024K, 3 young (3072K), 3 survivors (3072K)
 Metaspace       used 148615K, committed 149760K, reserved 1179648K
  class space    used 20191K, committed 20736K, reserved 1048576K
}
Event: 948.225 GC heap before
{Heap before GC invocations=58 (full 0):
 garbage-first heap   total 432128K, used 341227K [0x0000000080000000, 0x0000000100000000)
  region size 1024K, 4 young (4096K), 3 survivors (3072K)
 Metaspace       used 148615K, committed 149760K, reserved 1179648K
  class space    used 20191K, committed 20736K, reserved 1048576K
}
Event: 948.228 GC heap after
{Heap after GC invocations=59 (full 0):
 garbage-first heap   total 432128K, used 326765K [0x0000000080000000, 0x0000000100000000)
  region size 1024K, 2 young (2048K), 2 survivors (2048K)
 Metaspace       used 148615K, committed 149760K, reserved 1179648K
  class space    used 20191K, committed 20736K, reserved 1048576K
}
Event: 2274.175 GC heap before
{Heap before GC invocations=59 (full 0):
 garbage-first heap   total 432128K, used 376941K [0x0000000080000000, 0x0000000100000000)
  region size 1024K, 50 young (51200K), 2 survivors (2048K)
 Metaspace       used 148723K, committed 149888K, reserved 1179648K
  class space    used 20193K, committed 20736K, reserved 1048576K
}
Event: 2274.192 GC heap after
{Heap after GC invocations=60 (full 0):
 garbage-first heap   total 432128K, used 301654K [0x0000000080000000, 0x0000000100000000)
  region size 1024K, 2 young (2048K), 2 survivors (2048K)
 Metaspace       used 148723K, committed 149888K, reserved 1179648K
  class space    used 20193K, committed 20736K, reserved 1048576K
}
Event: 2275.239 GC heap before
{Heap before GC invocations=60 (full 0):
 garbage-first heap   total 432128K, used 371286K [0x0000000080000000, 0x0000000100000000)
  region size 1024K, 72 young (73728K), 2 survivors (2048K)
 Metaspace       used 148987K, committed 150144K, reserved 1179648K
  class space    used 20204K, committed 20736K, reserved 1048576K
}
Event: 2275.259 GC heap after
{Heap after GC invocations=61 (full 0):
 garbage-first heap   total 432128K, used 311926K [0x0000000080000000, 0x0000000100000000)
  region size 1024K, 10 young (10240K), 10 survivors (10240K)
 Metaspace       used 148987K, committed 150144K, reserved 1179648K
  class space    used 20204K, committed 20736K, reserved 1048576K
}
Event: 2275.934 GC heap before
{Heap before GC invocations=62 (full 0):
 garbage-first heap   total 445440K, used 310902K [0x0000000080000000, 0x0000000100000000)
  region size 1024K, 67 young (68608K), 10 survivors (10240K)
 Metaspace       used 148515K, committed 149760K, reserved 1179648K
  class space    used 20141K, committed 20736K, reserved 1048576K
}
Event: 2275.955 GC heap after
{Heap after GC invocations=63 (full 0):
 garbage-first heap   total 445440K, used 266300K [0x0000000080000000, 0x0000000100000000)
  region size 1024K, 9 young (9216K), 9 survivors (9216K)
 Metaspace       used 148515K, committed 149760K, reserved 1179648K
  class space    used 20141K, committed 20736K, reserved 1048576K
}
Event: 2276.042 GC heap before
{Heap before GC invocations=63 (full 0):
 garbage-first heap   total 445440K, used 278588K [0x0000000080000000, 0x0000000100000000)
  region size 1024K, 21 young (21504K), 9 survivors (9216K)
 Metaspace       used 148547K, committed 149760K, reserved 1179648K
  class space    used 20141K, committed 20736K, reserved 1048576K
}
Event: 2276.059 GC heap after
{Heap after GC invocations=64 (full 0):
 garbage-first heap   total 445440K, used 224912K [0x0000000080000000, 0x0000000100000000)
  region size 1024K, 3 young (3072K), 3 survivors (3072K)
 Metaspace       used 148547K, committed 149760K, reserved 1179648K
  class space    used 20141K, committed 20736K, reserved 1048576K
}
Event: 2276.283 GC heap before
{Heap before GC invocations=64 (full 0):
 garbage-first heap   total 445440K, used 243344K [0x0000000080000000, 0x0000000100000000)
  region size 1024K, 21 young (21504K), 3 survivors (3072K)
 Metaspace       used 148659K, committed 149888K, reserved 1179648K
  class space    used 20141K, committed 20736K, reserved 1048576K
}
Event: 2276.298 GC heap after
{Heap after GC invocations=65 (full 0):
 garbage-first heap   total 445440K, used 185257K [0x0000000080000000, 0x0000000100000000)
  region size 1024K, 3 young (3072K), 3 survivors (3072K)
 Metaspace       used 148659K, committed 149888K, reserved 1179648K
  class space    used 20141K, committed 20736K, reserved 1048576K
}
Event: 2276.446 GC heap before
{Heap before GC invocations=65 (full 0):
 garbage-first heap   total 445440K, used 203689K [0x0000000080000000, 0x0000000100000000)
  region size 1024K, 21 young (21504K), 3 survivors (3072K)
 Metaspace       used 148676K, committed 149888K, reserved 1179648K
  class space    used 20143K, committed 20736K, reserved 1048576K
}

