# JRE version: OpenJDK Runtime Environment (17.0.6) (build 17.0.6+0-b2043.56-10027231)
# Java VM: OpenJDK 64-Bit Server VM (17.0.6+0-b2043.56-10027231, mixed mode, tiered, compressed oops, compressed class ptrs, g1 gc, windows-amd64)
GC Precious Log:
 CPUs: 8 total, 8 available
 Memory: 11930M
 Large Page Support: Disabled
 NUMA Support: Disabled
 Compressed Oops: Enabled (32-bit)
 Heap Region Size: 1M
 Heap Min Capacity: 8M
 Heap Initial Capacity: 188M
 Heap Max Capacity: 2G
 Pre-touch: Disabled
 Parallel Workers: 8
 Concurrent Workers: 2
 Concurrent Refinement Workers: 8
 Periodic GC: Disabled
Heap:
 garbage-first heap   total 332800K, used 291073K [0x0000000080000000, 0x0000000100000000)
  region size 1024K, 12 young (12288K), 10 survivors (10240K)
 Metaspace       used 143942K, committed 145280K, reserved 1179648K
  class space    used 19915K, committed 20480K, reserved 1048576K
GC Heap History (20 events):
Event: 82.647 GC heap before
{Heap before GC invocations=44 (full 0):
 garbage-first heap   total 237568K, used 195725K [0x0000000080000000, 0x0000000100000000)
  region size 1024K, 59 young (60416K), 9 survivors (9216K)
 Metaspace       used 116788K, committed 117632K, reserved 1155072K
  class space    used 15667K, committed 16064K, reserved 1048576K
}
Event: 82.661 GC heap after
{Heap after GC invocations=45 (full 0):
 garbage-first heap   total 332800K, used 150049K [0x0000000080000000, 0x0000000100000000)
  region size 1024K, 8 young (8192K), 8 survivors (8192K)
 Metaspace       used 116788K, committed 117632K, reserved 1155072K
  class space    used 15667K, committed 16064K, reserved 1048576K
}
Event: 83.819 GC heap before
{Heap before GC invocations=45 (full 0):
 garbage-first heap   total 332800K, used 252449K [0x0000000080000000, 0x0000000100000000)
  region size 1024K, 106 young (108544K), 8 survivors (8192K)
 Metaspace       used 120272K, committed 121024K, reserved 1155072K
  class space    used 16037K, committed 16384K, reserved 1048576K
}
Event: 83.833 GC heap after
{Heap after GC invocations=46 (full 0):
 garbage-first heap   total 332800K, used 170417K [0x0000000080000000, 0x0000000100000000)
  region size 1024K, 14 young (14336K), 14 survivors (14336K)
 Metaspace       used 120272K, committed 121024K, reserved 1155072K
  class space    used 16037K, committed 16384K, reserved 1048576K
}
Event: 84.794 GC heap before
{Heap before GC invocations=46 (full 0):
 garbage-first heap   total 332800K, used 257457K [0x0000000080000000, 0x0000000100000000)
  region size 1024K, 98 young (100352K), 14 survivors (14336K)
 Metaspace       used 130249K, committed 131136K, reserved 1163264K
  class space    used 17759K, committed 18176K, reserved 1048576K
}
Event: 84.807 GC heap after
{Heap after GC invocations=47 (full 0):
 garbage-first heap   total 332800K, used 176659K [0x0000000080000000, 0x0000000100000000)
  region size 1024K, 12 young (12288K), 12 survivors (12288K)
 Metaspace       used 130249K, committed 131136K, reserved 1163264K
  class space    used 17759K, committed 18176K, reserved 1048576K
}
Event: 85.444 GC heap before
{Heap before GC invocations=47 (full 0):
 garbage-first heap   total 332800K, used 258579K [0x0000000080000000, 0x0000000100000000)
  region size 1024K, 93 young (95232K), 12 survivors (12288K)
 Metaspace       used 138230K, committed 139200K, reserved 1171456K
  class space    used 19251K, committed 19712K, reserved 1048576K
}
Event: 85.454 GC heap after
{Heap after GC invocations=48 (full 0):
 garbage-first heap   total 332800K, used 181724K [0x0000000080000000, 0x0000000100000000)
  region size 1024K, 6 young (6144K), 6 survivors (6144K)
 Metaspace       used 138230K, committed 139200K, reserved 1171456K
  class space    used 19251K, committed 19712K, reserved 1048576K
}
Event: 85.907 GC heap before
{Heap before GC invocations=48 (full 0):
 garbage-first heap   total 332800K, used 264668K [0x0000000080000000, 0x0000000100000000)
  region size 1024K, 87 young (89088K), 6 survivors (6144K)
 Metaspace       used 139690K, committed 140608K, reserved 1171456K
  class space    used 19411K, committed 19840K, reserved 1048576K
}
Event: 85.912 GC heap after
{Heap after GC invocations=49 (full 0):
 garbage-first heap   total 332800K, used 180429K [0x0000000080000000, 0x0000000100000000)
  region size 1024K, 4 young (4096K), 4 survivors (4096K)
 Metaspace       used 139690K, committed 140608K, reserved 1171456K
  class space    used 19411K, committed 19840K, reserved 1048576K
}
Event: 86.749 GC heap before
{Heap before GC invocations=49 (full 0):
 garbage-first heap   total 332800K, used 282829K [0x0000000080000000, 0x0000000100000000)
  region size 1024K, 73 young (74752K), 4 survivors (4096K)
 Metaspace       used 142711K, committed 143680K, reserved 1179648K
  class space    used 19827K, committed 20288K, reserved 1048576K
}
Event: 86.757 GC heap after
{Heap after GC invocations=50 (full 0):
 garbage-first heap   total 332800K, used 208716K [0x0000000080000000, 0x0000000100000000)
  region size 1024K, 8 young (8192K), 8 survivors (8192K)
 Metaspace       used 142711K, committed 143680K, reserved 1179648K
  class space    used 19827K, committed 20288K, reserved 1048576K
}
Event: 96.230 GC heap before
{Heap before GC invocations=50 (full 0):
 garbage-first heap   total 332800K, used 291660K [0x0000000080000000, 0x0000000100000000)
  region size 1024K, 76 young (77824K), 8 survivors (8192K)
 Metaspace       used 143306K, committed 144320K, reserved 1179648K
  class space    used 19887K, committed 20352K, reserved 1048576K
}
Event: 96.239 GC heap after
{Heap after GC invocations=51 (full 0):
 garbage-first heap   total 332800K, used 189546K [0x0000000080000000, 0x0000000100000000)
  region size 1024K, 10 young (10240K), 10 survivors (10240K)
 Metaspace       used 143306K, committed 144320K, reserved 1179648K
  class space    used 19887K, committed 20352K, reserved 1048576K
}
Event: 111.789 GC heap before
{Heap before GC invocations=51 (full 0):
 garbage-first heap   total 332800K, used 273514K [0x0000000080000000, 0x0000000100000000)
  region size 1024K, 92 young (94208K), 10 survivors (10240K)
 Metaspace       used 143775K, committed 144768K, reserved 1179648K
  class space    used 19932K, committed 20416K, reserved 1048576K
}
Event: 111.802 GC heap after
{Heap after GC invocations=52 (full 0):
 garbage-first heap   total 332800K, used 198550K [0x0000000080000000, 0x0000000100000000)
  region size 1024K, 10 young (10240K), 10 survivors (10240K)
 Metaspace       used 143775K, committed 144768K, reserved 1179648K
  class space    used 19932K, committed 20416K, reserved 1048576K
}
Event: 214.008 GC heap before
{Heap before GC invocations=52 (full 0):
 garbage-first heap   total 332800K, used 273302K [0x0000000080000000, 0x0000000100000000)
  region size 1024K, 84 young (86016K), 10 survivors (10240K)
 Metaspace       used 144020K, committed 145088K, reserved 1179648K
  class space    used 19948K, committed 20480K, reserved 1048576K
}
Event: 214.018 GC heap after
{Heap after GC invocations=53 (full 0):
 garbage-first heap   total 332800K, used 204558K [0x0000000080000000, 0x0000000100000000)
  region size 1024K, 7 young (7168K), 7 survivors (7168K)
 Metaspace       used 144020K, committed 145088K, reserved 1179648K
  class space    used 19948K, committed 20480K, reserved 1048576K
}
Event: 214.765 GC heap before
{Heap before GC invocations=53 (full 0):
 garbage-first heap   total 332800K, used 289550K [0x0000000080000000, 0x0000000100000000)
  region size 1024K, 68 young (69632K), 7 survivors (7168K)
 Metaspace       used 144287K, committed 145408K, reserved 1179648K
  class space    used 19962K, committed 20480K, reserved 1048576K
}
Event: 214.796 GC heap after
{Heap after GC invocations=54 (full 0):
 garbage-first heap   total 332800K, used 238849K [0x0000000080000000, 0x0000000100000000)
  region size 1024K, 10 young (10240K), 10 survivors (10240K)
 Metaspace       used 144287K, committed 145408K, reserved 1179648K
  class space    used 19962K, committed 20480K, reserved 1048576K
}

