# JRE version: OpenJDK Runtime Environment (17.0.6) (build 17.0.6+0-b2043.56-10027231)
# Java VM: OpenJDK 64-Bit Server VM (17.0.6+0-b2043.56-10027231, mixed mode, tiered, compressed oops, compressed class ptrs, g1 gc, windows-amd64)
GC Precious Log:
 CPUs: 8 total, 8 available
 Memory: 11930M
 Large Page Support: Disabled
 NUMA Support: Disabled
 Compressed Oops: Enabled (32-bit)
 Heap Region Size: 1M
 Heap Min Capacity: 8M
 Heap Initial Capacity: 188M
 Heap Max Capacity: 2G
 Pre-touch: Disabled
 Parallel Workers: 8
 Concurrent Workers: 2
 Concurrent Refinement Workers: 8
 Periodic GC: Disabled
Heap:
 garbage-first heap   total 420864K, used 252125K [0x0000000080000000, 0x0000000100000000)
  region size 1024K, 1 young (1024K), 1 survivors (1024K)
 Metaspace       used 148192K, committed 149312K, reserved 1179648K
  class space    used 20113K, committed 20672K, reserved 1048576K
GC Heap History (20 events):
Event: 2068.920 GC heap after
{Heap after GC invocations=57 (full 0):
 garbage-first heap   total 403456K, used 146004K [0x0000000080000000, 0x0000000100000000)
  region size 1024K, 3 young (3072K), 3 survivors (3072K)
 Metaspace       used 139167K, committed 140160K, reserved 1171456K
  class space    used 19277K, committed 19712K, reserved 1048576K
}
Event: 2069.220 GC heap before
{Heap before GC invocations=57 (full 0):
 garbage-first heap   total 403456K, used 173652K [0x0000000080000000, 0x0000000100000000)
  region size 1024K, 32 young (32768K), 3 survivors (3072K)
 Metaspace       used 139258K, committed 140224K, reserved 1171456K
  class space    used 19281K, committed 19712K, reserved 1048576K
}
Event: 2069.224 GC heap after
{Heap after GC invocations=58 (full 0):
 garbage-first heap   total 403456K, used 148389K [0x0000000080000000, 0x0000000100000000)
  region size 1024K, 5 young (5120K), 5 survivors (5120K)
 Metaspace       used 139258K, committed 140224K, reserved 1171456K
  class space    used 19281K, committed 19712K, reserved 1048576K
}
Event: 2086.704 GC heap before
{Heap before GC invocations=59 (full 0):
 garbage-first heap   total 403456K, used 381861K [0x0000000080000000, 0x0000000100000000)
  region size 1024K, 110 young (112640K), 5 survivors (5120K)
 Metaspace       used 139336K, committed 140288K, reserved 1171456K
  class space    used 19240K, committed 19712K, reserved 1048576K
}
Event: 2086.708 GC heap after
{Heap after GC invocations=60 (full 0):
 garbage-first heap   total 403456K, used 147506K [0x0000000080000000, 0x0000000100000000)
  region size 1024K, 4 young (4096K), 4 survivors (4096K)
 Metaspace       used 139336K, committed 140288K, reserved 1171456K
  class space    used 19240K, committed 19712K, reserved 1048576K
}
Event: 2086.808 GC heap before
{Heap before GC invocations=60 (full 0):
 garbage-first heap   total 403456K, used 161842K [0x0000000080000000, 0x0000000100000000)
  region size 1024K, 19 young (19456K), 4 survivors (4096K)
 Metaspace       used 139341K, committed 140288K, reserved 1171456K
  class space    used 19240K, committed 19712K, reserved 1048576K
}
Event: 2086.819 GC heap after
{Heap after GC invocations=61 (full 0):
 garbage-first heap   total 403456K, used 129193K [0x0000000080000000, 0x0000000100000000)
  region size 1024K, 3 young (3072K), 3 survivors (3072K)
 Metaspace       used 139341K, committed 140288K, reserved 1171456K
  class space    used 19240K, committed 19712K, reserved 1048576K
}
Event: 2096.624 GC heap before
{Heap before GC invocations=61 (full 0):
 garbage-first heap   total 403456K, used 322729K [0x0000000080000000, 0x0000000100000000)
  region size 1024K, 193 young (197632K), 3 survivors (3072K)
 Metaspace       used 139940K, committed 140992K, reserved 1171456K
  class space    used 19292K, committed 19776K, reserved 1048576K
}
Event: 2096.631 GC heap after
{Heap after GC invocations=62 (full 0):
 garbage-first heap   total 403456K, used 133186K [0x0000000080000000, 0x0000000100000000)
  region size 1024K, 7 young (7168K), 7 survivors (7168K)
 Metaspace       used 139940K, committed 140992K, reserved 1171456K
  class space    used 19292K, committed 19776K, reserved 1048576K
}
Event: 2099.220 GC heap before
{Heap before GC invocations=63 (full 0):
 garbage-first heap   total 403456K, used 361538K [0x0000000080000000, 0x0000000100000000)
  region size 1024K, 197 young (201728K), 7 survivors (7168K)
 Metaspace       used 146078K, committed 147200K, reserved 1179648K
  class space    used 19890K, committed 20416K, reserved 1048576K
}
Event: 2099.237 GC heap after
{Heap after GC invocations=64 (full 0):
 garbage-first heap   total 403456K, used 144648K [0x0000000080000000, 0x0000000100000000)
  region size 1024K, 18 young (18432K), 18 survivors (18432K)
 Metaspace       used 146078K, committed 147200K, reserved 1179648K
  class space    used 19890K, committed 20416K, reserved 1048576K
}
Event: 2099.249 GC heap before
{Heap before GC invocations=64 (full 0):
 garbage-first heap   total 403456K, used 145672K [0x0000000080000000, 0x0000000100000000)
  region size 1024K, 19 young (19456K), 18 survivors (18432K)
 Metaspace       used 146090K, committed 147200K, reserved 1179648K
  class space    used 19890K, committed 20416K, reserved 1048576K
}
Event: 2099.273 GC heap after
{Heap after GC invocations=65 (full 0):
 garbage-first heap   total 403456K, used 142613K [0x0000000080000000, 0x0000000100000000)
  region size 1024K, 2 young (2048K), 2 survivors (2048K)
 Metaspace       used 146090K, committed 147200K, reserved 1179648K
  class space    used 19890K, committed 20416K, reserved 1048576K
}
Event: 2100.557 GC heap before
{Heap before GC invocations=65 (full 0):
 garbage-first heap   total 403456K, used 305429K [0x0000000080000000, 0x0000000100000000)
  region size 1024K, 163 young (166912K), 2 survivors (2048K)
 Metaspace       used 148160K, committed 149312K, reserved 1179648K
  class space    used 20113K, committed 20672K, reserved 1048576K
}
Event: 2100.566 GC heap after
{Heap after GC invocations=66 (full 0):
 garbage-first heap   total 403456K, used 147010K [0x0000000080000000, 0x0000000100000000)
  region size 1024K, 6 young (6144K), 6 survivors (6144K)
 Metaspace       used 148160K, committed 149312K, reserved 1179648K
  class space    used 20113K, committed 20672K, reserved 1048576K
}
Event: 2101.006 GC heap before
{Heap before GC invocations=67 (full 0):
 garbage-first heap   total 403456K, used 387650K [0x0000000080000000, 0x0000000100000000)
  region size 1024K, 71 young (72704K), 6 survivors (6144K)
 Metaspace       used 148192K, committed 149312K, reserved 1179648K
  class space    used 20113K, committed 20672K, reserved 1048576K
}
Event: 2101.027 GC heap after
{Heap after GC invocations=68 (full 0):
 garbage-first heap   total 420864K, used 264627K [0x0000000080000000, 0x0000000100000000)
  region size 1024K, 24 young (24576K), 24 survivors (24576K)
 Metaspace       used 148192K, committed 149312K, reserved 1179648K
  class space    used 20113K, committed 20672K, reserved 1048576K
}
Event: 2101.032 GC heap before
{Heap before GC invocations=68 (full 0):
 garbage-first heap   total 420864K, used 265651K [0x0000000080000000, 0x0000000100000000)
  region size 1024K, 25 young (25600K), 24 survivors (24576K)
 Metaspace       used 148192K, committed 149312K, reserved 1179648K
  class space    used 20113K, committed 20672K, reserved 1048576K
}
Event: 2101.053 GC heap after
{Heap after GC invocations=69 (full 0):
 garbage-first heap   total 420864K, used 254267K [0x0000000080000000, 0x0000000100000000)
  region size 1024K, 3 young (3072K), 3 survivors (3072K)
 Metaspace       used 148192K, committed 149312K, reserved 1179648K
  class space    used 20113K, committed 20672K, reserved 1048576K
}
Event: 2101.055 GC heap before
{Heap before GC invocations=69 (full 0):
 garbage-first heap   total 420864K, used 254267K [0x0000000080000000, 0x0000000100000000)
  region size 1024K, 4 young (4096K), 3 survivors (3072K)
 Metaspace       used 148192K, committed 149312K, reserved 1179648K
  class space    used 20113K, committed 20672K, reserved 1048576K
}

