# JRE version: OpenJDK Runtime Environment (17.0.6) (build 17.0.6+0-b2043.56-10027231)
# Java VM: OpenJDK 64-Bit Server VM (17.0.6+0-b2043.56-10027231, mixed mode, tiered, compressed oops, compressed class ptrs, g1 gc, windows-amd64)
GC Precious Log:
 CPUs: 8 total, 8 available
 Memory: 11930M
 Large Page Support: Disabled
 NUMA Support: Disabled
 Compressed Oops: Enabled (32-bit)
 Heap Region Size: 1M
 Heap Min Capacity: 8M
 Heap Initial Capacity: 188M
 Heap Max Capacity: 2G
 Pre-touch: Disabled
 Parallel Workers: 8
 Concurrent Workers: 2
 Concurrent Refinement Workers: 8
 Periodic GC: Disabled
Heap:
 garbage-first heap   total 328704K, used 206031K [0x0000000080000000, 0x0000000100000000)
  region size 1024K, 2 young (2048K), 2 survivors (2048K)
 Metaspace       used 125545K, committed 126400K, reserved 1163264K
  class space    used 17096K, committed 17536K, reserved 1048576K
GC Heap History (20 events):
Event: 11.027 GC heap after
{Heap after GC invocations=36 (full 0):
 garbage-first heap   total 328704K, used 96015K [0x0000000080000000, 0x0000000100000000)
  region size 1024K, 1 young (1024K), 1 survivors (1024K)
 Metaspace       used 96003K, committed 96704K, reserved 1138688K
  class space    used 13278K, committed 13568K, reserved 1048576K
}
Event: 11.475 GC heap before
{Heap before GC invocations=36 (full 0):
 garbage-first heap   total 328704K, used 164623K [0x0000000080000000, 0x0000000100000000)
  region size 1024K, 70 young (71680K), 1 survivors (1024K)
 Metaspace       used 96746K, committed 97472K, reserved 1138688K
  class space    used 13351K, committed 13696K, reserved 1048576K
}
Event: 11.483 GC heap after
{Heap after GC invocations=37 (full 0):
 garbage-first heap   total 328704K, used 101937K [0x0000000080000000, 0x0000000100000000)
  region size 1024K, 7 young (7168K), 7 survivors (7168K)
 Metaspace       used 96746K, committed 97472K, reserved 1138688K
  class space    used 13351K, committed 13696K, reserved 1048576K
}
Event: 13.253 GC heap before
{Heap before GC invocations=38 (full 0):
 garbage-first heap   total 328704K, used 247345K [0x0000000080000000, 0x0000000100000000)
  region size 1024K, 149 young (152576K), 7 survivors (7168K)
 Metaspace       used 105551K, committed 106304K, reserved 1146880K
  class space    used 14428K, committed 14784K, reserved 1048576K
}
Event: 13.266 GC heap after
{Heap after GC invocations=39 (full 0):
 garbage-first heap   total 328704K, used 111983K [0x0000000080000000, 0x0000000100000000)
  region size 1024K, 17 young (17408K), 17 survivors (17408K)
 Metaspace       used 105551K, committed 106304K, reserved 1146880K
  class space    used 14428K, committed 14784K, reserved 1048576K
}
Event: 13.278 GC heap before
{Heap before GC invocations=39 (full 0):
 garbage-first heap   total 328704K, used 113007K [0x0000000080000000, 0x0000000100000000)
  region size 1024K, 18 young (18432K), 17 survivors (17408K)
 Metaspace       used 105697K, committed 106432K, reserved 1146880K
  class space    used 14454K, committed 14784K, reserved 1048576K
}
Event: 13.285 GC heap after
{Heap after GC invocations=40 (full 0):
 garbage-first heap   total 328704K, used 111349K [0x0000000080000000, 0x0000000100000000)
  region size 1024K, 2 young (2048K), 2 survivors (2048K)
 Metaspace       used 105697K, committed 106432K, reserved 1146880K
  class space    used 14454K, committed 14784K, reserved 1048576K
}
Event: 14.518 GC heap before
{Heap before GC invocations=40 (full 0):
 garbage-first heap   total 328704K, used 247541K [0x0000000080000000, 0x0000000100000000)
  region size 1024K, 135 young (138240K), 2 survivors (2048K)
 Metaspace       used 118211K, committed 118976K, reserved 1155072K
  class space    used 16242K, committed 16576K, reserved 1048576K
}
Event: 14.523 GC heap after
{Heap after GC invocations=41 (full 0):
 garbage-first heap   total 328704K, used 114421K [0x0000000080000000, 0x0000000100000000)
  region size 1024K, 5 young (5120K), 5 survivors (5120K)
 Metaspace       used 118211K, committed 118976K, reserved 1155072K
  class space    used 16242K, committed 16576K, reserved 1048576K
}
Event: 15.422 GC heap before
{Heap before GC invocations=42 (full 0):
 garbage-first heap   total 328704K, used 255733K [0x0000000080000000, 0x0000000100000000)
  region size 1024K, 143 young (146432K), 5 survivors (5120K)
 Metaspace       used 119489K, committed 120320K, reserved 1155072K
  class space    used 16330K, committed 16704K, reserved 1048576K
}
Event: 15.426 GC heap after
{Heap after GC invocations=43 (full 0):
 garbage-first heap   total 328704K, used 113843K [0x0000000080000000, 0x0000000100000000)
  region size 1024K, 5 young (5120K), 5 survivors (5120K)
 Metaspace       used 119489K, committed 120320K, reserved 1155072K
  class space    used 16330K, committed 16704K, reserved 1048576K
}
Event: 15.484 GC heap before
{Heap before GC invocations=43 (full 0):
 garbage-first heap   total 328704K, used 125107K [0x0000000080000000, 0x0000000100000000)
  region size 1024K, 16 young (16384K), 5 survivors (5120K)
 Metaspace       used 119492K, committed 120320K, reserved 1155072K
  class space    used 16330K, committed 16704K, reserved 1048576K
}
Event: 15.489 GC heap after
{Heap after GC invocations=44 (full 0):
 garbage-first heap   total 328704K, used 112705K [0x0000000080000000, 0x0000000100000000)
  region size 1024K, 2 young (2048K), 2 survivors (2048K)
 Metaspace       used 119492K, committed 120320K, reserved 1155072K
  class space    used 16330K, committed 16704K, reserved 1048576K
}
Event: 16.092 GC heap before
{Heap before GC invocations=44 (full 0):
 garbage-first heap   total 328704K, used 192577K [0x0000000080000000, 0x0000000100000000)
  region size 1024K, 82 young (83968K), 2 survivors (2048K)
 Metaspace       used 121279K, committed 122048K, reserved 1155072K
  class space    used 16543K, committed 16896K, reserved 1048576K
}
Event: 16.101 GC heap after
{Heap after GC invocations=45 (full 0):
 garbage-first heap   total 328704K, used 120440K [0x0000000080000000, 0x0000000100000000)
  region size 1024K, 9 young (9216K), 9 survivors (9216K)
 Metaspace       used 121279K, committed 122048K, reserved 1155072K
  class space    used 16543K, committed 16896K, reserved 1048576K
}
Event: 18.180 GC heap before
{Heap before GC invocations=46 (full 0):
 garbage-first heap   total 328704K, used 308856K [0x0000000080000000, 0x0000000100000000)
  region size 1024K, 114 young (116736K), 9 survivors (9216K)
 Metaspace       used 124799K, committed 125632K, reserved 1163264K
  class space    used 16982K, committed 17408K, reserved 1048576K
}
Event: 18.191 GC heap after
{Heap after GC invocations=47 (full 0):
 garbage-first heap   total 328704K, used 206758K [0x0000000080000000, 0x0000000100000000)
  region size 1024K, 14 young (14336K), 14 survivors (14336K)
 Metaspace       used 124799K, committed 125632K, reserved 1163264K
  class space    used 16982K, committed 17408K, reserved 1048576K
}
Event: 18.240 GC heap before
{Heap before GC invocations=47 (full 0):
 garbage-first heap   total 328704K, used 210854K [0x0000000080000000, 0x0000000100000000)
  region size 1024K, 17 young (17408K), 14 survivors (14336K)
 Metaspace       used 124971K, committed 125824K, reserved 1163264K
  class space    used 17016K, committed 17408K, reserved 1048576K
}
Event: 18.248 GC heap after
{Heap after GC invocations=48 (full 0):
 garbage-first heap   total 328704K, used 206705K [0x0000000080000000, 0x0000000100000000)
  region size 1024K, 2 young (2048K), 2 survivors (2048K)
 Metaspace       used 124971K, committed 125824K, reserved 1163264K
  class space    used 17016K, committed 17408K, reserved 1048576K
}
Event: 18.558 GC heap before
{Heap before GC invocations=48 (full 0):
 garbage-first heap   total 328704K, used 221041K [0x0000000080000000, 0x0000000100000000)
  region size 1024K, 18 young (18432K), 2 survivors (2048K)
 Metaspace       used 125545K, committed 126400K, reserved 1163264K
  class space    used 17096K, committed 17536K, reserved 1048576K
}

